<?xml version="1.0" encoding="utf-8" standalone="no"?>
<test-run id="2" testcasecount="3" result="Passed" total="3" passed="3" failed="0" inconclusive="0" skipped="0" asserts="56" engine-version="3.5.0.0" clr-version="2.0.50727.1433" start-time="2019-01-14 19:06:40Z" end-time="2019-01-14 19:06:54Z" duration="13.4258253">
  <command-line><![CDATA[nunit3-console.exe  nunit-v2-result-writer.tests.dll]]></command-line>
  <test-suite type="TestSuite" id="1000" name="uAdventurePackage" fullname="uAdventurePackage" runstate="Runnable" testcasecount="3" result="Passed" start-time="2019-01-14 19:06:40Z" end-time="2019-01-14 19:06:54Z" duration="13.425825" total="3" passed="3" failed="0" inconclusive="0" skipped="0" asserts="56">
    <test-suite type="Assembly" id="1005" name="uAdventureEditor.dll" fullname="C:/projects/uadventure/BuildProject/uAdventurePackage/uAdventurePackage/Assets/uAdventure/Editor/Plugins/uAdventureEditor.dll" runstate="Runnable" testcasecount="3" result="Passed" start-time="2019-01-14 19:06:40Z" end-time="2019-01-14 19:06:54Z" duration="13.350527" total="3" passed="3" failed="0" inconclusive="0" skipped="0" asserts="56">
      <environment framework-version="3.5.0.0" clr-version="2.0.50727.8784" os-version="Microsoft Windows NT 10.0.15063.0" platform="Win32NT" cwd="C:\NUnit" machine-name="LLATINOV-JG0453" user="LLatinov" user-domain="JUSTGIVING01" culture="en-GB" uiculture="en-US" os-architecture="x64" />
      <settings>
        <setting name="DisposeRunners" value="True" />
        <setting name="WorkDirectory" value="C:\NUnit" />
        <setting name="ImageRuntimeVersion" value="2.0.50727" />
        <setting name="ImageRequiresX86" value="False" />
        <setting name="ImageRequiresDefaultAppDomainAssemblyResolver" value="False" />
        <setting name="NumberOfTestWorkers" value="8" />
      </settings>
      <properties>
        <property name="_PID" value="1896" />
        <property name="_APPDOMAIN" value="Unity Child Domain" />
      </properties>
      <output><![CDATA[Files generated by test without cleanup.
    Found 10 new files.
    Assets/uAdventure/Resources/CurrentGame/assets/audio
    Assets/uAdventure/Resources/CurrentGame/assets/animation
    Assets/uAdventure/Resources/CurrentGame/assets/background
    Assets/uAdventure/Resources/CurrentGame/gui/cursors
    Assets/uAdventure/Resources/CurrentGame/assets/icon
    Assets/uAdventure/Resources/CurrentGame/assets/video
    Assets/uAdventure/Resources/CurrentGame/assets/arrows
    Assets/uAdventure/Resources/CurrentGame/assets/styledtext
    Assets/uAdventure/Resources/CurrentGame/assets/image
    Assets/uAdventure/Resources/CurrentGame/gui/buttons

]]></output>
      <test-suite type="TestSuite" id="1006" name="uAdventure" fullname="uAdventure" runstate="Runnable" testcasecount="3" result="Passed" start-time="2019-01-14 19:06:40Z" end-time="2019-01-14 19:06:54Z" duration="13.328182" total="3" passed="3" failed="0" inconclusive="0" skipped="0" asserts="56">
        <test-suite type="TestSuite" id="1007" name="Test" fullname="uAdventure.Test" runstate="Runnable" testcasecount="3" result="Passed" start-time="2019-01-14 19:06:40Z" end-time="2019-01-14 19:06:54Z" duration="13.297618" total="3" passed="3" failed="0" inconclusive="0" skipped="0" asserts="56">
          <test-suite type="TestFixture" id="1001" name="AdventureCreationTests" fullname="uAdventure.Test.AdventureCreationTests" classname="uAdventure.Test.AdventureCreationTests" runstate="Runnable" testcasecount="3" result="Passed" start-time="2019-01-14 19:06:40Z" end-time="2019-01-14 19:06:54Z" duration="13.270075" total="3" passed="3" failed="0" inconclusive="0" skipped="0" asserts="56">
            <output><![CDATA[Controller init
Loading config data at: Assets/uAdventure/Resources/config_editor.xml
Assets/uAdventure/Editor/Resources/i18n/editor/en_EN.xml
Loading file
Can't load Descriptor file: CurrentGame/assets/animation/AlexIdleRight.eaa
Can't load Descriptor file: CurrentGame/assets/animation/AlexIdleRight.eaa
Can't load Descriptor file: CurrentGame/assets/animation/AlexIdleRight.eaa
No se pudo cargar: CurrentGame/assets/animation/AlexIdleRight.eaa
No se pudo cargar: assets/animation/AlexIdleRight.eaa
Unable to load assets/animation/AlexIdleRight.eaa.xml_01
Can't load Descriptor file: CurrentGame/assets/animation/AlexIdleUp.eaa
Can't load Descriptor file: CurrentGame/assets/animation/AlexIdleUp.eaa
Can't load Descriptor file: CurrentGame/assets/animation/AlexIdleUp.eaa
No se pudo cargar: CurrentGame/assets/animation/AlexIdleUp.eaa
No se pudo cargar: assets/animation/AlexIdleUp.eaa
Unable to load assets/animation/AlexIdleUp.eaa.xml_01
Can't load Descriptor file: CurrentGame/assets/animation/AnaLookingDown.eaa
Can't load Descriptor file: CurrentGame/assets/animation/AnaLookingDown.eaa
Can't load Descriptor file: CurrentGame/assets/animation/AnaLookingDown.eaa
No se pudo cargar: CurrentGame/assets/animation/AnaLookingDown.eaa
No se pudo cargar: assets/animation/AnaLookingDown.eaa
Unable to load assets/animation/AnaLookingDown.eaa.xml_01
Loading config data at: Assets/uAdventure/Resources/config_editor.xml
Can't load Descriptor file: CurrentGame/assets/special/EmptyAnimation
Can't load Descriptor file: CurrentGame/assets/special/EmptyAnimation
Can't load Descriptor file: CurrentGame/assets/special/EmptyAnimation
Can't load Descriptor file: CurrentGame/assets/special/EmptyAnimation
Can't load Descriptor file: CurrentGame/assets/special/EmptyAnimation
Can't load Descriptor file: CurrentGame/assets/special/EmptyAnimation
Can't load Descriptor file: CurrentGame/assets/special/EmptyAnimation
Can't load Descriptor file: CurrentGame/assets/special/EmptyAnimation
Saving properties to: C:\projects\uadventure\BuildProject\uAdventurePackage\uAdventurePackage\Assets\uAdventure\Resources\CurrentGame\project.xml
CREATE: C:\projects\uadventure\BuildProject\uAdventurePackage\uAdventurePackage\Assets\uAdventure\Resources\CurrentGame
]]></output>
            <test-case id="1002" name="CreateFirstPersonAdventure" fullname="uAdventure.Test.AdventureCreationTests.CreateFirstPersonAdventure" methodname="CreateFirstPersonAdventure" classname="uAdventure.Test.AdventureCreationTests" runstate="Runnable" seed="1297700715" result="Passed" start-time="2019-01-14 19:06:48Z" end-time="2019-01-14 19:06:53Z" duration="4.673679" asserts="44">
              <output><![CDATA[Loading config data at: Assets/uAdventure/Resources/config_editor.xml
Can't load Descriptor file: CurrentGame/assets/special/EmptyAnimation
Can't load Descriptor file: CurrentGame/assets/special/EmptyAnimation
Can't load Descriptor file: CurrentGame/assets/special/EmptyAnimation
Can't load Descriptor file: CurrentGame/assets/special/EmptyAnimation
Can't load Descriptor file: CurrentGame/assets/special/EmptyAnimation
Can't load Descriptor file: CurrentGame/assets/special/EmptyAnimation
Can't load Descriptor file: CurrentGame/assets/special/EmptyAnimation
Can't load Descriptor file: CurrentGame/assets/special/EmptyAnimation
Saving properties to: C:\projects\uadventure\BuildProject\uAdventurePackage\uAdventurePackage\Assets\uAdventure\Resources\CurrentGame\project.xml
CREATE: C:\projects\uadventure\BuildProject\uAdventurePackage\uAdventurePackage\Assets\uAdventure\Resources\CurrentGame
]]></output>
            </test-case>
            <test-case id="1004" name="CreateScene" fullname="uAdventure.Test.AdventureCreationTests.CreateScene" methodname="CreateScene" classname="uAdventure.Test.AdventureCreationTests" runstate="Runnable" seed="1021396088" result="Passed" start-time="2019-01-14 19:06:53Z" end-time="2019-01-14 19:06:53Z" duration="0.608514" asserts="6">
              <output><![CDATA[Loading file
Can't load Descriptor file: CurrentGame/assets/special/EmptyAnimation
Can't load Descriptor file: CurrentGame/assets/special/EmptyAnimation
Can't load Descriptor file: CurrentGame/assets/special/EmptyAnimation
Can't load Descriptor file: CurrentGame/assets/special/EmptyAnimation
Can't load Descriptor file: CurrentGame/assets/special/EmptyAnimation
Can't load Descriptor file: CurrentGame/assets/special/EmptyAnimation
Can't load Descriptor file: CurrentGame/assets/special/EmptyAnimation
Can't load Descriptor file: CurrentGame/assets/special/EmptyAnimation
Loading file
Can't load Descriptor file: CurrentGame/assets/special/EmptyAnimation
Can't load Descriptor file: CurrentGame/assets/special/EmptyAnimation
Can't load Descriptor file: CurrentGame/assets/special/EmptyAnimation
Can't load Descriptor file: CurrentGame/assets/special/EmptyAnimation
Can't load Descriptor file: CurrentGame/assets/special/EmptyAnimation
Can't load Descriptor file: CurrentGame/assets/special/EmptyAnimation
Can't load Descriptor file: CurrentGame/assets/special/EmptyAnimation
Can't load Descriptor file: CurrentGame/assets/special/EmptyAnimation
]]></output>
            </test-case>
            <test-case id="1003" name="LoadAdventure" fullname="uAdventure.Test.AdventureCreationTests.LoadAdventure" methodname="LoadAdventure" classname="uAdventure.Test.AdventureCreationTests" runstate="Runnable" seed="598729394" result="Passed" start-time="2019-01-14 19:06:53Z" end-time="2019-01-14 19:06:54Z" duration="0.158748" asserts="3">
              <output><![CDATA[Loading file
Can't load Descriptor file: CurrentGame/assets/special/EmptyAnimation
Can't load Descriptor file: CurrentGame/assets/special/EmptyAnimation
Can't load Descriptor file: CurrentGame/assets/special/EmptyAnimation
Can't load Descriptor file: CurrentGame/assets/special/EmptyAnimation
Can't load Descriptor file: CurrentGame/assets/special/EmptyAnimation
Can't load Descriptor file: CurrentGame/assets/special/EmptyAnimation
Can't load Descriptor file: CurrentGame/assets/special/EmptyAnimation
Can't load Descriptor file: CurrentGame/assets/special/EmptyAnimation
]]></output>
            </test-case>
          </test-suite>
        </test-suite>
      </test-suite>
    </test-suite>
  </test-suite>
</test-run>